

Version:	3.4
CmdLine:	C:\Users\schad_000\Documents\GitHub\SouthParkTriviaMaze\publish\CoonsQuest.exe --l4j-debug
WOW64:		yes
Working dir:	C:\Users\schad_000\Documents\GitHub\SouthParkTriviaMaze\publish\.
64-bit search:	SOFTWARE\JavaSoft\Java Runtime Environment...
Check:		SOFTWARE\JavaSoft\Java Runtime Environment\1.7
Ignore:		1.7
Check:		SOFTWARE\JavaSoft\Java Runtime Environment\1.7.0_60
Check launcher:	C:\Program Files\Java\jre7\bin\javaw.exe (OK)
Match:		1.7.0_60
64-bit search:	SOFTWARE\JavaSoft\Java Development Kit...
Check:		SOFTWARE\JavaSoft\Java Development Kit\1.7
Ignore:		1.7
Check:		SOFTWARE\JavaSoft\Java Development Kit\1.7.0_45
Ignore:		1.7.0_45
Runtime used:	1.7.0_60 (64-bit)
Launcher:	C:\Program Files\Java\jre7\bin\javaw.exe
Launcher args:	-jar "C:\Users\schad_000\Documents\GitHub\SouthParkTriviaMaze\publish\CoonsQuest.exe"
Args length:	85/32768 chars
Exit code:	0


Version:	3.4
CmdLine:	C:\Users\schad_000\Documents\GitHub\SouthParkTriviaMaze\publish\CoonsQuestCensored.exe --l4j-debug
WOW64:		yes
Working dir:	C:\Users\schad_000\Documents\GitHub\SouthParkTriviaMaze\publish\.
64-bit search:	SOFTWARE\JavaSoft\Java Runtime Environment...
Check:		SOFTWARE\JavaSoft\Java Runtime Environment\1.7
Ignore:		1.7
Check:		SOFTWARE\JavaSoft\Java Runtime Environment\1.7.0_60
Check launcher:	C:\Program Files\Java\jre7\bin\javaw.exe (OK)
Match:		1.7.0_60
64-bit search:	SOFTWARE\JavaSoft\Java Development Kit...
Check:		SOFTWARE\JavaSoft\Java Development Kit\1.7
Ignore:		1.7
Check:		SOFTWARE\JavaSoft\Java Development Kit\1.7.0_45
Ignore:		1.7.0_45
Runtime used:	1.7.0_60 (64-bit)
Launcher:	C:\Program Files\Java\jre7\bin\javaw.exe
Launcher args:	-jar "C:\Users\schad_000\Documents\GitHub\SouthParkTriviaMaze\publish\CoonsQuestCensored.exe" censored
Args length:	102/32768 chars
Exit code:	0
